Performing C SOURCE FILE Test CMAKE_HAVE_LIBC_PTHREAD failed with the following output:
Change Dir: /home/libsnarkdemo/libsnark_demo/CMakeFiles/CMakeTmp

Run Build Command(s):/usr/bin/make cmTC_9ecfa/fast && /usr/bin/make -f CMakeFiles/cmTC_9ecfa.dir/build.make CMakeFiles/cmTC_9ecfa.dir/build
make[1]: 进入目录“/home/libsnarkdemo/libsnark_demo/CMakeFiles/CMakeTmp”
Building C object CMakeFiles/cmTC_9ecfa.dir/src.c.o
/usr/bin/cc   -DCMAKE_HAVE_LIBC_PTHREAD   -o CMakeFiles/cmTC_9ecfa.dir/src.c.o   -c /home/libsnarkdemo/libsnark_demo/CMakeFiles/CMakeTmp/src.c
Linking C executable cmTC_9ecfa
/usr/bin/cmake -E cmake_link_script CMakeFiles/cmTC_9ecfa.dir/link.txt --verbose=1
/usr/bin/cc  -DCMAKE_HAVE_LIBC_PTHREAD    -rdynamic CMakeFiles/cmTC_9ecfa.dir/src.c.o  -o cmTC_9ecfa 
/usr/bin/ld: CMakeFiles/cmTC_9ecfa.dir/src.c.o: in function `main':
src.c:(.text+0x46): undefined reference to `pthread_create'
/usr/bin/ld: src.c:(.text+0x52): undefined reference to `pthread_detach'
/usr/bin/ld: src.c:(.text+0x63): undefined reference to `pthread_join'
collect2: error: ld returned 1 exit status
make[1]: *** [CMakeFiles/cmTC_9ecfa.dir/build.make:87：cmTC_9ecfa] 错误 1
make[1]: 离开目录“/home/libsnarkdemo/libsnark_demo/CMakeFiles/CMakeTmp”
make: *** [Makefile:121：cmTC_9ecfa/fast] 错误 2


Source file was:
#include <pthread.h>

void* test_func(void* data)
{
  return data;
}

int main(void)
{
  pthread_t thread;
  pthread_create(&thread, NULL, test_func, NULL);
  pthread_detach(thread);
  pthread_join(thread, NULL);
  pthread_atfork(NULL, NULL, NULL);
  pthread_exit(NULL);

  return 0;
}

